[08-Apr-2024 05:25:25 UTC] PHP Warning:  Invalid "upload_max_filesize" setting. Invalid quantity "2G": value is out of range, using overflow result for backwards compatibility in Unknown on line 0
[08-Apr-2024 05:25:25 UTC] PHP Warning:  Invalid "post_max_size" setting. Invalid quantity "2G": value is out of range, using overflow result for backwards compatibility in Unknown on line 0
[08-Apr-2024 05:25:26 UTC] PHP Warning:  Invalid "upload_max_filesize" setting. Invalid quantity "2G": value is out of range, using overflow result for backwards compatibility in Unknown on line 0
[08-Apr-2024 05:25:26 UTC] PHP Warning:  Invalid "post_max_size" setting. Invalid quantity "2G": value is out of range, using overflow result for backwards compatibility in Unknown on line 0
[08-Apr-2024 05:28:10 UTC] PHP Fatal error:  Cannot use isset() on the result of an expression (you can use "null !== expression" instead) in C:\Users\hkhattak\Downloads\COMP2220\www\lab11\action.php on line 2
[08-Apr-2024 05:28:39 UTC] PHP Fatal error:  Cannot use isset() on the result of an expression (you can use "null !== expression" instead) in C:\Users\hkhattak\Downloads\COMP2220\www\lab11\action.php on line 2
[08-Apr-2024 05:29:56 UTC] PHP Fatal error:  Cannot use isset() on the result of an expression (you can use "null !== expression" instead) in C:\Users\hkhattak\Downloads\COMP2220\www\lab11\action.php on line 2
[08-Apr-2024 05:30:28 UTC] PHP Fatal error:  Cannot use isset() on the result of an expression (you can use "null !== expression" instead) in C:\Users\hkhattak\Downloads\COMP2220\www\lab11\action.php on line 2
[08-Apr-2024 05:30:29 UTC] PHP Fatal error:  Cannot use isset() on the result of an expression (you can use "null !== expression" instead) in C:\Users\hkhattak\Downloads\COMP2220\www\lab11\action.php on line 2
[08-Apr-2024 05:30:29 UTC] PHP Fatal error:  Cannot use isset() on the result of an expression (you can use "null !== expression" instead) in C:\Users\hkhattak\Downloads\COMP2220\www\lab11\action.php on line 2
[08-Apr-2024 05:30:30 UTC] PHP Fatal error:  Cannot use isset() on the result of an expression (you can use "null !== expression" instead) in C:\Users\hkhattak\Downloads\COMP2220\www\lab11\action.php on line 2
[08-Apr-2024 05:30:30 UTC] PHP Fatal error:  Cannot use isset() on the result of an expression (you can use "null !== expression" instead) in C:\Users\hkhattak\Downloads\COMP2220\www\lab11\action.php on line 2
[08-Apr-2024 05:30:30 UTC] PHP Fatal error:  Cannot use isset() on the result of an expression (you can use "null !== expression" instead) in C:\Users\hkhattak\Downloads\COMP2220\www\lab11\action.php on line 2
[08-Apr-2024 05:40:51 UTC] PHP Fatal error:  Uncaught mysqli_sql_exception: Unknown database 'superheroes' in C:\Users\hkhattak\Downloads\COMP2220\www\lab12\index.php:16
Stack trace:
#0 C:\Users\hkhattak\Downloads\COMP2220\www\lab12\index.php(16): mysqli->__construct('localhost', 'root', Object(SensitiveParameterValue), 'superheroes')
#1 {main}
  thrown in C:\Users\hkhattak\Downloads\COMP2220\www\lab12\index.php on line 16
[08-Apr-2024 05:41:40 UTC] PHP Fatal error:  Uncaught mysqli_sql_exception: Table 'superheros.heroes' doesn't exist in C:\Users\hkhattak\Downloads\COMP2220\www\lab12\index.php:25
Stack trace:
#0 C:\Users\hkhattak\Downloads\COMP2220\www\lab12\index.php(25): mysqli->query('SELECT * FROM h...')
#1 {main}
  thrown in C:\Users\hkhattak\Downloads\COMP2220\www\lab12\index.php on line 25
[08-Apr-2024 05:41:58 UTC] PHP Fatal error:  Uncaught mysqli_sql_exception: Table 'superheros.heros' doesn't exist in C:\Users\hkhattak\Downloads\COMP2220\www\lab12\index.php:25
Stack trace:
#0 C:\Users\hkhattak\Downloads\COMP2220\www\lab12\index.php(25): mysqli->query('SELECT * FROM h...')
#1 {main}
  thrown in C:\Users\hkhattak\Downloads\COMP2220\www\lab12\index.php on line 25
[08-Apr-2024 05:42:30 UTC] PHP Warning:  Undefined array key "power" in C:\Users\hkhattak\Downloads\COMP2220\www\lab12\index.php on line 34
[08-Apr-2024 05:42:30 UTC] PHP Warning:  Undefined array key "ID" in C:\Users\hkhattak\Downloads\COMP2220\www\lab12\index.php on line 35
[08-Apr-2024 05:42:30 UTC] PHP Warning:  Undefined array key "ID" in C:\Users\hkhattak\Downloads\COMP2220\www\lab12\index.php on line 36
[08-Apr-2024 05:42:47 UTC] PHP Warning:  Undefined array key "ID" in C:\Users\hkhattak\Downloads\COMP2220\www\lab12\index.php on line 35
[08-Apr-2024 05:42:47 UTC] PHP Warning:  Undefined array key "ID" in C:\Users\hkhattak\Downloads\COMP2220\www\lab12\index.php on line 36
[08-Apr-2024 05:45:24 UTC] PHP Fatal error:  Uncaught mysqli_sql_exception: Unknown database 'hasan' in C:\Users\hkhattak\Downloads\COMP2220\www\lab12\index.php:16
Stack trace:
#0 C:\Users\hkhattak\Downloads\COMP2220\www\lab12\index.php(16): mysqli->__construct('localhost', 'root', Object(SensitiveParameterValue), 'hasan')
#1 {main}
  thrown in C:\Users\hkhattak\Downloads\COMP2220\www\lab12\index.php on line 16
[08-Apr-2024 05:57:59 UTC] PHP Fatal error:  Uncaught mysqli_sql_exception: Unknown database 'superheroes' in C:\Users\hkhattak\Downloads\COMP2220\www\lab12\update.php:16
Stack trace:
#0 C:\Users\hkhattak\Downloads\COMP2220\www\lab12\update.php(16): mysqli->__construct('localhost', 'root', Object(SensitiveParameterValue), 'superheroes')
#1 {main}
  thrown in C:\Users\hkhattak\Downloads\COMP2220\www\lab12\update.php on line 16
[08-Apr-2024 05:58:15 UTC] PHP Warning:  Undefined array key "ID" in C:\Users\hkhattak\Downloads\COMP2220\www\lab12\update.php on line 35
[08-Apr-2024 05:58:15 UTC] PHP Warning:  Undefined array key "power" in C:\Users\hkhattak\Downloads\COMP2220\www\lab12\update.php on line 42
[08-Apr-2024 06:03:13 UTC] PHP Warning:  Undefined array key "power" in C:\Users\hkhattak\Downloads\COMP2220\www\lab12\update_process.php on line 14
[08-Apr-2024 06:03:13 UTC] PHP Deprecated:  mysqli::real_escape_string(): Passing null to parameter #1 ($string) of type string is deprecated in C:\Users\hkhattak\Downloads\COMP2220\www\lab12\update_process.php on line 14
